<?xml version="1.0" encoding="UTF-8"?>
<!-- Generated by org.testng.reporters.JUnitXMLReporter -->
<testsuite ignored="2" hostname="DESKTOP-2HBQUQ9" failures="0" tests="1" name="Default test(failed)" time="7.588" errors="0" timestamp="2022-10-14T22:04:51 IST">
  <testcase classname="com.TestVagrant.Validation_Imdb_Wiki" name="validation" time="0.05"/>
  <testcase classname="com.TestVagrant.Validation_Imdb_Wiki" name="imdb_Data" time="0.0">
    <ignored/>
  </testcase> <!-- imdb_Data -->
  <testcase classname="com.TestVagrant.Validation_Imdb_Wiki" name="wikipedia_Data" time="0.0">
    <ignored/>
  </testcase> <!-- wikipedia_Data -->
</testsuite> <!-- Default test(failed) -->
